09-04-2020 09:35:10.161 [main] INFO  cl.exam.exam.ExamApplicationTests.logStarting - Starting ExamApplicationTests on DESKTOP-M5Q6OQL with PID 34500 (started by cvega in C:\workspaceOMS\exam)
09-04-2020 09:35:10.213 [main] INFO  cl.exam.exam.ExamApplicationTests.logStartupProfileInfo - No active profile set, falling back to default profiles: default
09-04-2020 09:35:12.243 [main] INFO  o.s.s.c.ThreadPoolTaskExecutor.initialize - Initializing ExecutorService 'applicationTaskExecutor'
09-04-2020 09:35:12.724 [main] INFO  cl.exam.exam.ExamApplicationTests.logStarted - Started ExamApplicationTests in 3.152 seconds (JVM running for 5.106)
09-04-2020 09:35:16.626 [main] INFO  cl.exam.exam.helper.Helper.metodoHelper - Init metodoHelper
09-04-2020 09:35:17.223 [main] INFO  cl.exam.exam.helper.Helper.metodoHelper - Mensaje En Properties
09-04-2020 09:35:17.511 [main] INFO  cl.exam.exam.helper.Helper.metodoHelper - End metodoHelper
09-04-2020 09:35:34.770 [SpringContextShutdownHook] INFO  o.s.s.c.ThreadPoolTaskExecutor.shutdown - Shutting down ExecutorService 'applicationTaskExecutor'
09-04-2020 10:25:26.179 [main] INFO  cl.exam.exam.ExamApplication.logStarting - Starting ExamApplication on DESKTOP-M5Q6OQL with PID 20996 (C:\workspaceOMS\exam\target\classes started by cvega in C:\workspaceOMS\exam)
09-04-2020 10:25:26.184 [main] INFO  cl.exam.exam.ExamApplication.logStartupProfileInfo - No active profile set, falling back to default profiles: default
09-04-2020 10:25:27.873 [main] INFO  o.s.b.w.e.tomcat.TomcatWebServer.initialize - Tomcat initialized with port(s): 8090 (http)
09-04-2020 10:25:27.903 [main] INFO  o.a.catalina.core.StandardService.log - Starting service [Tomcat]
09-04-2020 10:25:27.903 [main] INFO  o.a.catalina.core.StandardEngine.log - Starting Servlet engine: [Apache Tomcat/9.0.33]
09-04-2020 10:25:28.026 [main] INFO  o.a.c.c.C.[Tomcat].[localhost].[/].log - Initializing Spring embedded WebApplicationContext
09-04-2020 10:25:28.026 [main] INFO  o.s.web.context.ContextLoader.prepareWebApplicationContext - Root WebApplicationContext: initialization completed in 1739 ms
09-04-2020 10:25:28.231 [main] INFO  o.s.s.c.ThreadPoolTaskExecutor.initialize - Initializing ExecutorService 'applicationTaskExecutor'
09-04-2020 10:25:28.389 [main] INFO  o.s.b.w.e.tomcat.TomcatWebServer.start - Tomcat started on port(s): 8090 (http) with context path ''
09-04-2020 10:25:28.392 [main] INFO  cl.exam.exam.ExamApplication.logStarted - Started ExamApplication in 2.777 seconds (JVM running for 3.398)
09-04-2020 10:28:23.024 [main] INFO  cl.exam.exam.ExamApplication.logStarting - Starting ExamApplication on DESKTOP-M5Q6OQL with PID 35300 (C:\workspaceOMS\exam\target\classes started by cvega in C:\workspaceOMS\exam)
09-04-2020 10:28:23.031 [main] INFO  cl.exam.exam.ExamApplication.logStartupProfileInfo - No active profile set, falling back to default profiles: default
09-04-2020 10:28:24.807 [main] INFO  o.s.b.w.e.tomcat.TomcatWebServer.initialize - Tomcat initialized with port(s): 8090 (http)
09-04-2020 10:28:24.820 [main] INFO  o.a.catalina.core.StandardService.log - Starting service [Tomcat]
09-04-2020 10:28:24.820 [main] INFO  o.a.catalina.core.StandardEngine.log - Starting Servlet engine: [Apache Tomcat/9.0.33]
09-04-2020 10:28:24.922 [main] INFO  o.a.c.c.C.[Tomcat].[localhost].[/].log - Initializing Spring embedded WebApplicationContext
09-04-2020 10:28:24.922 [main] INFO  o.s.web.context.ContextLoader.prepareWebApplicationContext - Root WebApplicationContext: initialization completed in 1787 ms
09-04-2020 10:28:25.153 [main] INFO  o.s.s.c.ThreadPoolTaskExecutor.initialize - Initializing ExecutorService 'applicationTaskExecutor'
09-04-2020 10:28:25.343 [main] INFO  o.s.b.w.e.tomcat.TomcatWebServer.start - Tomcat started on port(s): 8090 (http) with context path ''
09-04-2020 10:28:25.346 [main] INFO  cl.exam.exam.ExamApplication.logStarted - Started ExamApplication in 3.057 seconds (JVM running for 3.92)
09-04-2020 10:29:20.289 [http-nio-8090-exec-2] INFO  o.a.c.c.C.[Tomcat].[localhost].[/].log - Initializing Spring DispatcherServlet 'dispatcherServlet'
09-04-2020 10:29:20.291 [http-nio-8090-exec-2] INFO  o.s.web.servlet.DispatcherServlet.initServletBean - Initializing Servlet 'dispatcherServlet'
09-04-2020 10:29:20.298 [http-nio-8090-exec-2] INFO  o.s.web.servlet.DispatcherServlet.initServletBean - Completed initialization in 6 ms
09-04-2020 10:29:20.323 [http-nio-8090-exec-2] WARN  o.s.w.s.m.s.DefaultHandlerExceptionResolver.logException - Resolved [org.springframework.web.bind.MissingServletRequestParameterException: Required String parameter 'param' is not present]
09-04-2020 10:29:48.715 [http-nio-8090-exec-4] WARN  o.s.w.s.m.s.DefaultHandlerExceptionResolver.logException - Resolved [org.springframework.web.bind.MissingServletRequestParameterException: Required String parameter 'param' is not present]
09-04-2020 10:30:08.052 [http-nio-8090-exec-6] WARN  o.s.w.s.m.s.DefaultHandlerExceptionResolver.logException - Resolved [org.springframework.web.bind.MissingServletRequestParameterException: Required String parameter 'param' is not present]
09-04-2020 10:30:38.878 [http-nio-8090-exec-8] WARN  o.s.w.s.m.s.DefaultHandlerExceptionResolver.logException - Resolved [org.springframework.web.bind.MissingServletRequestParameterException: Required String parameter 'param' is not present]
09-04-2020 10:31:19.353 [SpringContextShutdownHook] INFO  o.s.s.c.ThreadPoolTaskExecutor.shutdown - Shutting down ExecutorService 'applicationTaskExecutor'
09-04-2020 10:31:31.242 [main] INFO  cl.exam.exam.ExamApplication.logStarting - Starting ExamApplication on DESKTOP-M5Q6OQL with PID 33328 (C:\workspaceOMS\exam\target\classes started by cvega in C:\workspaceOMS\exam)
09-04-2020 10:31:31.249 [main] INFO  cl.exam.exam.ExamApplication.logStartupProfileInfo - No active profile set, falling back to default profiles: default
09-04-2020 10:31:32.996 [main] INFO  o.s.b.w.e.tomcat.TomcatWebServer.initialize - Tomcat initialized with port(s): 8090 (http)
09-04-2020 10:31:33.011 [main] INFO  o.a.catalina.core.StandardService.log - Starting service [Tomcat]
09-04-2020 10:31:33.011 [main] INFO  o.a.catalina.core.StandardEngine.log - Starting Servlet engine: [Apache Tomcat/9.0.33]
09-04-2020 10:31:33.174 [main] INFO  o.a.c.c.C.[Tomcat].[localhost].[/].log - Initializing Spring embedded WebApplicationContext
09-04-2020 10:31:33.174 [main] INFO  o.s.web.context.ContextLoader.prepareWebApplicationContext - Root WebApplicationContext: initialization completed in 1839 ms
09-04-2020 10:31:33.441 [main] INFO  o.s.s.c.ThreadPoolTaskExecutor.initialize - Initializing ExecutorService 'applicationTaskExecutor'
09-04-2020 10:31:33.656 [main] INFO  o.s.b.w.e.tomcat.TomcatWebServer.start - Tomcat started on port(s): 8090 (http) with context path ''
09-04-2020 10:31:33.659 [main] INFO  cl.exam.exam.ExamApplication.logStarted - Started ExamApplication in 3.094 seconds (JVM running for 3.819)
09-04-2020 10:31:37.271 [http-nio-8090-exec-2] INFO  o.a.c.c.C.[Tomcat].[localhost].[/].log - Initializing Spring DispatcherServlet 'dispatcherServlet'
09-04-2020 10:31:37.272 [http-nio-8090-exec-2] INFO  o.s.web.servlet.DispatcherServlet.initServletBean - Initializing Servlet 'dispatcherServlet'
09-04-2020 10:31:37.280 [http-nio-8090-exec-2] INFO  o.s.web.servlet.DispatcherServlet.initServletBean - Completed initialization in 8 ms
09-04-2020 10:31:53.583 [http-nio-8090-exec-2] INFO  cl.exam.exam.controller.Controller.metodo - Parametro recibido: {"param":"'lalalal'"}
09-04-2020 10:31:53.617 [SpringContextShutdownHook] INFO  o.s.s.c.ThreadPoolTaskExecutor.shutdown - Shutting down ExecutorService 'applicationTaskExecutor'
09-04-2020 10:33:39.393 [main] INFO  cl.exam.exam.ExamApplication.logStarting - Starting ExamApplication on DESKTOP-M5Q6OQL with PID 34016 (C:\workspaceOMS\exam\target\classes started by cvega in C:\workspaceOMS\exam)
09-04-2020 10:33:39.398 [main] INFO  cl.exam.exam.ExamApplication.logStartupProfileInfo - No active profile set, falling back to default profiles: default
09-04-2020 10:33:41.521 [main] INFO  o.s.b.w.e.tomcat.TomcatWebServer.initialize - Tomcat initialized with port(s): 8090 (http)
09-04-2020 10:33:41.534 [main] INFO  o.a.catalina.core.StandardService.log - Starting service [Tomcat]
09-04-2020 10:33:41.535 [main] INFO  o.a.catalina.core.StandardEngine.log - Starting Servlet engine: [Apache Tomcat/9.0.33]
09-04-2020 10:33:41.657 [main] INFO  o.a.c.c.C.[Tomcat].[localhost].[/].log - Initializing Spring embedded WebApplicationContext
09-04-2020 10:33:41.658 [main] INFO  o.s.web.context.ContextLoader.prepareWebApplicationContext - Root WebApplicationContext: initialization completed in 2167 ms
09-04-2020 10:33:41.906 [main] INFO  o.s.s.c.ThreadPoolTaskExecutor.initialize - Initializing ExecutorService 'applicationTaskExecutor'
09-04-2020 10:33:42.122 [main] INFO  o.s.b.w.e.tomcat.TomcatWebServer.start - Tomcat started on port(s): 8090 (http) with context path ''
09-04-2020 10:33:42.126 [main] INFO  cl.exam.exam.ExamApplication.logStarted - Started ExamApplication in 3.493 seconds (JVM running for 4.454)
09-04-2020 10:33:51.962 [http-nio-8090-exec-2] INFO  o.a.c.c.C.[Tomcat].[localhost].[/].log - Initializing Spring DispatcherServlet 'dispatcherServlet'
09-04-2020 10:33:51.963 [http-nio-8090-exec-2] INFO  o.s.web.servlet.DispatcherServlet.initServletBean - Initializing Servlet 'dispatcherServlet'
09-04-2020 10:33:51.972 [http-nio-8090-exec-2] INFO  o.s.web.servlet.DispatcherServlet.initServletBean - Completed initialization in 8 ms
09-04-2020 10:34:00.126 [http-nio-8090-exec-2] INFO  cl.exam.exam.controller.Controller.metodo - Parametro recibido: lolololo
09-04-2020 10:34:04.725 [SpringContextShutdownHook] INFO  o.s.s.c.ThreadPoolTaskExecutor.shutdown - Shutting down ExecutorService 'applicationTaskExecutor'
